<?xml version="1.0" encoding="UTF-8"?>
<!-- Generated by org.testng.reporters.JUnitReportReporter -->
<testsuite hostname="LIN41005644" failures="0" tests="2" name="testrunner.LoginPage_Excel_TestRunner" time="60.699" errors="0" timestamp="2023-06-08T15:48:36 IST" skipped="0">
  <testcase classname="testrunner.LoginPage_Excel_TestRunner" name="runScenario" time="32.626"/>
  <system-out/>
  <testcase classname="testrunner.LoginPage_Excel_TestRunner" name="runScenario" time="28.073"/>
  <system-out/>
</testsuite> <!-- testrunner.LoginPage_Excel_TestRunner -->
