<?xml version="1.0" encoding="UTF-8"?>
<!-- Generated by org.testng.reporters.JUnitReportReporter -->
<testsuite hostname="LIN41005644" failures="0" tests="2" name="testrunner.LoginPage_TestRunner2" time="73.360" errors="0" timestamp="2023-06-08T15:50:13 IST" skipped="0">
  <testcase classname="testrunner.LoginPage_TestRunner2" name="runScenario" time="23.183"/>
  <system-out/>
  <testcase classname="testrunner.LoginPage_TestRunner2" name="runScenario" time="50.177"/>
  <system-out/>
</testsuite> <!-- testrunner.LoginPage_TestRunner2 -->
