<?xml version="1.0" encoding="UTF-8"?>
<!-- Generated by org.testng.reporters.JUnitReportReporter -->
<testsuite hostname="LIN41005644" failures="0" tests="3" name="testrunner.LoginPage_TestRunner" time="95.630" errors="0" timestamp="2023-06-08T17:32:40 IST" skipped="0">
  <testcase classname="testrunner.LoginPage_TestRunner" name="runScenario" time="23.287"/>
  <system-out/>
  <testcase classname="testrunner.LoginPage_TestRunner" name="runScenario" time="50.941"/>
  <system-out/>
  <testcase classname="testrunner.LoginPage_TestRunner" name="runScenario" time="21.402"/>
  <system-out/>
</testsuite> <!-- testrunner.LoginPage_TestRunner -->
